Determining if the pthread_create exist failed with the following output:
Change Dir: /home/cole/CS/ros/catkin_ws/build/CMakeFiles/CMakeTmp

Run Build Command:"/usr/bin/make" "cmTryCompileExec2383118417/fast"
/usr/bin/make -f CMakeFiles/cmTryCompileExec2383118417.dir/build.make CMakeFiles/cmTryCompileExec2383118417.dir/build
make[1]: Entering directory '/home/cole/CS/ros/catkin_ws/build/CMakeFiles/CMakeTmp'
/usr/bin/cmake -E cmake_progress_report /home/cole/CS/ros/catkin_ws/build/CMakeFiles/CMakeTmp/CMakeFiles 1
Building C object CMakeFiles/cmTryCompileExec2383118417.dir/CheckSymbolExists.c.o
/usr/bin/cc    -o CMakeFiles/cmTryCompileExec2383118417.dir/CheckSymbolExists.c.o   -c /home/cole/CS/ros/catkin_ws/build/CMakeFiles/CMakeTmp/CheckSymbolExists.c
Linking C executable cmTryCompileExec2383118417
/usr/bin/cmake -E cmake_link_script CMakeFiles/cmTryCompileExec2383118417.dir/link.txt --verbose=1
/usr/bin/cc       CMakeFiles/cmTryCompileExec2383118417.dir/CheckSymbolExists.c.o  -o cmTryCompileExec2383118417 -rdynamic 
CMakeFiles/cmTryCompileExec2383118417.dir/CheckSymbolExists.c.o: In function `main':
CheckSymbolExists.c:(.text+0x16): undefined reference to `pthread_create'
collect2: error: ld returned 1 exit status
CMakeFiles/cmTryCompileExec2383118417.dir/build.make:88: recipe for target 'cmTryCompileExec2383118417' failed
make[1]: Leaving directory '/home/cole/CS/ros/catkin_ws/build/CMakeFiles/CMakeTmp'
make[1]: *** [cmTryCompileExec2383118417] Error 1
Makefile:118: recipe for target 'cmTryCompileExec2383118417/fast' failed
make: *** [cmTryCompileExec2383118417/fast] Error 2

File /home/cole/CS/ros/catkin_ws/build/CMakeFiles/CMakeTmp/CheckSymbolExists.c:
/* */
#include <pthread.h>

int main(int argc, char** argv)
{
  (void)argv;
#ifndef pthread_create
  return ((int*)(&pthread_create))[argc];
#else
  (void)argc;
  return 0;
#endif
}

Determining if the function pthread_create exists in the pthreads failed with the following output:
Change Dir: /home/cole/CS/ros/catkin_ws/build/CMakeFiles/CMakeTmp

Run Build Command:"/usr/bin/make" "cmTryCompileExec3517996188/fast"
/usr/bin/make -f CMakeFiles/cmTryCompileExec3517996188.dir/build.make CMakeFiles/cmTryCompileExec3517996188.dir/build
make[1]: Entering directory '/home/cole/CS/ros/catkin_ws/build/CMakeFiles/CMakeTmp'
/usr/bin/cmake -E cmake_progress_report /home/cole/CS/ros/catkin_ws/build/CMakeFiles/CMakeTmp/CMakeFiles 1
Building C object CMakeFiles/cmTryCompileExec3517996188.dir/CheckFunctionExists.c.o
/usr/bin/cc   -DCHECK_FUNCTION_EXISTS=pthread_create   -o CMakeFiles/cmTryCompileExec3517996188.dir/CheckFunctionExists.c.o   -c /usr/share/cmake-3.0/Modules/CheckFunctionExists.c
Linking C executable cmTryCompileExec3517996188
/usr/bin/cmake -E cmake_link_script CMakeFiles/cmTryCompileExec3517996188.dir/link.txt --verbose=1
/usr/bin/cc   -DCHECK_FUNCTION_EXISTS=pthread_create    CMakeFiles/cmTryCompileExec3517996188.dir/CheckFunctionExists.c.o  -o cmTryCompileExec3517996188 -rdynamic -lpthreads 
/usr/bin/ld: cannot find -lpthreads
collect2: error: ld returned 1 exit status
CMakeFiles/cmTryCompileExec3517996188.dir/build.make:88: recipe for target 'cmTryCompileExec3517996188' failed
make[1]: Leaving directory '/home/cole/CS/ros/catkin_ws/build/CMakeFiles/CMakeTmp'
make[1]: *** [cmTryCompileExec3517996188] Error 1
Makefile:118: recipe for target 'cmTryCompileExec3517996188/fast' failed
make: *** [cmTryCompileExec3517996188/fast] Error 2


